[2024-09-13 06:54:23][includes/class.mono-api.php - create_mono_part_pay_order] REQUEST DATA: Array
(
    [store_order_id] => pay_part_1914
    [client_phone] => +380638536263
    [total_sum] => 400.00
    [invoice] => Array
        (
            [date] => 2024-09-12
            [number] => 1914
            [point_id] => restare.shop
            [source] => INTERNET
        )

    [available_programs] => Array
        (
            [0] => Array
                (
                    [available_parts_count] => Array
                        (
                            [0] => 5
                        )

                    [type] => payment_installments
                )

        )

    [products] => Array
        (
            [0] => Array
                (
                    [name] => Комплект ручок на двері
                    [count] => 1
                    [sum] => 400
                )

        )

    [result_callback] => https://restare.webolatory.com/wc-api/pay-part-result/
)

[2024-09-13 06:54:23][includes/class.mono-api.php - create_mono_part_pay_order] store_id: test_store_with_confirm
[2024-09-13 06:54:23][includes/class.mono-api.php - create_mono_part_pay_order] request_string: {"store_order_id":"pay_part_1914","client_phone":"+380638536263","total_sum":"400.00","invoice":{"date":"2024-09-12","number":1914,"point_id":"restare.shop","source":"INTERNET"},"available_programs":[{"available_parts_count":["5"],"type":"payment_installments"}],"products":[{"name":"\u041a\u043e\u043c\u043f\u043b\u0435\u043a\u0442 \u0440\u0443\u0447\u043e\u043a \u043d\u0430 \u0434\u0432\u0435\u0440\u0456","count":1,"sum":"400"}],"result_callback":"https:\/\/restare.webolatory.com\/wc-api\/pay-part-result\/"}
[2024-09-13 06:54:24][includes/class.mono-api.php - create_mono_part_pay_order] Mono Part Pay API Response: Array
(
    [headers] => WpOrg\Requests\Utility\CaseInsensitiveDictionary Object
        (
            [data:protected] => Array
                (
                    [date] => Fri, 13 Sep 2024 06:54:23 GMT
                    [content-type] => application/json;charset=UTF-8
                    [server] => nginx
                    [request_trace_id] => 2024-09-13 09:54:23.819227669#r43uRdd
                )

        )

    [body] => {"message":"Упс, сталася помилка. Спробуйте повторити запит пізніше."}
    [response] => Array
        (
            [code] => 500
            [message] => Internal Server Error
        )

    [cookies] => Array
        (
        )

    [filename] => 
    [http_response] => WP_HTTP_Requests_Response Object
        (
            [data] => 
            [headers] => 
            [status] => 
            [response:protected] => WpOrg\Requests\Response Object
                (
                    [body] => {"message":"Упс, сталася помилка. Спробуйте повторити запит пізніше."}
                    [raw] => HTTP/1.1 500 
Date: Fri, 13 Sep 2024 06:54:23 GMT
Content-Type: application/json;charset=UTF-8
Transfer-Encoding: chunked
Connection: close
Server: nginx
request_trace_id: 2024-09-13 09:54:23.819227669#r43uRdd

{"message":"Упс, сталася помилка. Спробуйте повторити запит пізніше."}
                    [headers] => WpOrg\Requests\Response\Headers Object
                        (
                            [data:protected] => Array
                                (
                                    [date] => Array
                                        (
                                            [0] => Fri, 13 Sep 2024 06:54:23 GMT
                                        )

                                    [content-type] => Array
                                        (
                                            [0] => application/json;charset=UTF-8
                                        )

                                    [server] => Array
                                        (
                                            [0] => nginx
                                        )

                                    [request_trace_id] => Array
                                        (
                                            [0] => 2024-09-13 09:54:23.819227669#r43uRdd
                                        )

                                )

                        )

                    [status_code] => 500
                    [protocol_version] => 1.1
                    [success] => 
                    [redirects] => 0
                    [url] => https://u2-demo-ext.mono.st4g3.com/api/order/create
                    [history] => Array
                        (
                        )

                    [cookies] => WpOrg\Requests\Cookie\Jar Object
                        (
                            [cookies:protected] => Array
                                (
                                )

                        )

                )

            [filename:protected] => 
        )

)

[2024-09-13 06:55:19][includes/class.mono-api.php - create_mono_part_pay_order] REQUEST DATA: Array
(
    [store_order_id] => pay_part_1912
    [client_phone] => +380638536263
    [total_sum] => 3500.00
    [invoice] => Array
        (
            [date] => 2024-09-12
            [number] => 1912
            [point_id] => restare.shop
            [source] => INTERNET
        )

    [available_programs] => Array
        (
            [0] => Array
                (
                    [available_parts_count] => Array
                        (
                            [0] => 3
                        )

                    [type] => payment_installments
                )

        )

    [products] => Array
        (
            [0] => Array
                (
                    [name] => Частина двостулкових дверей
                    [count] => 1
                    [sum] => 1000
                )

            [1] => Array
                (
                    [name] => Шафа дерев`яна
                    [count] => 1
                    [sum] => 2500
                )

        )

    [result_callback] => https://restare.webolatory.com/wc-api/pay-part-result/
)

[2024-09-13 06:55:19][includes/class.mono-api.php - create_mono_part_pay_order] store_id: test_store_with_confirm
[2024-09-13 06:55:19][includes/class.mono-api.php - create_mono_part_pay_order] request_string: {"store_order_id":"pay_part_1912","client_phone":"+380638536263","total_sum":"3500.00","invoice":{"date":"2024-09-12","number":1912,"point_id":"restare.shop","source":"INTERNET"},"available_programs":[{"available_parts_count":["3"],"type":"payment_installments"}],"products":[{"name":"\u0427\u0430\u0441\u0442\u0438\u043d\u0430 \u0434\u0432\u043e\u0441\u0442\u0443\u043b\u043a\u043e\u0432\u0438\u0445 \u0434\u0432\u0435\u0440\u0435\u0439","count":1,"sum":"1000"},{"name":"\u0428\u0430\u0444\u0430 \u0434\u0435\u0440\u0435\u0432`\u044f\u043d\u0430","count":1,"sum":"2500"}],"result_callback":"https:\/\/restare.webolatory.com\/wc-api\/pay-part-result\/"}
[2024-09-13 06:55:19][includes/class.mono-api.php - create_mono_part_pay_order] Mono Part Pay API Response: Array
(
    [headers] => WpOrg\Requests\Utility\CaseInsensitiveDictionary Object
        (
            [data:protected] => Array
                (
                    [date] => Fri, 13 Sep 2024 06:55:19 GMT
                    [content-type] => application/json;charset=UTF-8
                    [server] => nginx
                    [request_trace_id] => 2024-09-13 09:55:19.430983703#L8BkgtO
                )

        )

    [body] => {"order_id":"a0eebc99-9c0b-4ef8-bb6d-000000000003"}
    [response] => Array
        (
            [code] => 201
            [message] => Created
        )

    [cookies] => Array
        (
        )

    [filename] => 
    [http_response] => WP_HTTP_Requests_Response Object
        (
            [data] => 
            [headers] => 
            [status] => 
            [response:protected] => WpOrg\Requests\Response Object
                (
                    [body] => {"order_id":"a0eebc99-9c0b-4ef8-bb6d-000000000003"}
                    [raw] => HTTP/1.1 201 
Date: Fri, 13 Sep 2024 06:55:19 GMT
Content-Type: application/json;charset=UTF-8
Transfer-Encoding: chunked
Connection: close
Server: nginx
request_trace_id: 2024-09-13 09:55:19.430983703#L8BkgtO

{"order_id":"a0eebc99-9c0b-4ef8-bb6d-000000000003"}
                    [headers] => WpOrg\Requests\Response\Headers Object
                        (
                            [data:protected] => Array
                                (
                                    [date] => Array
                                        (
                                            [0] => Fri, 13 Sep 2024 06:55:19 GMT
                                        )

                                    [content-type] => Array
                                        (
                                            [0] => application/json;charset=UTF-8
                                        )

                                    [server] => Array
                                        (
                                            [0] => nginx
                                        )

                                    [request_trace_id] => Array
                                        (
                                            [0] => 2024-09-13 09:55:19.430983703#L8BkgtO
                                        )

                                )

                        )

                    [status_code] => 201
                    [protocol_version] => 1.1
                    [success] => 1
                    [redirects] => 0
                    [url] => https://u2-demo-ext.mono.st4g3.com/api/order/create
                    [history] => Array
                        (
                        )

                    [cookies] => WpOrg\Requests\Cookie\Jar Object
                        (
                            [cookies:protected] => Array
                                (
                                )

                        )

                )

            [filename:protected] => 
        )

)

[2024-09-13 06:55:46][includes/class.mono-api.php - create_mono_part_pay_order] REQUEST DATA: Array
(
    [store_order_id] => pay_part_1912
    [client_phone] => +380638536263
    [total_sum] => 3500.00
    [invoice] => Array
        (
            [date] => 2024-09-12
            [number] => 1912
            [point_id] => restare.shop
            [source] => INTERNET
        )

    [available_programs] => Array
        (
            [0] => Array
                (
                    [available_parts_count] => Array
                        (
                            [0] => 3
                        )

                    [type] => payment_installments
                )

        )

    [products] => Array
        (
            [0] => Array
                (
                    [name] => Частина двостулкових дверей
                    [count] => 1
                    [sum] => 1000
                )

            [1] => Array
                (
                    [name] => Шафа дерев`яна
                    [count] => 1
                    [sum] => 2500
                )

        )

    [result_callback] => https://restare.webolatory.com/wc-api/pay-part-result/
)

[2024-09-13 06:55:46][includes/class.mono-api.php - create_mono_part_pay_order] store_id: test_store_with_confirm
[2024-09-13 06:55:46][includes/class.mono-api.php - create_mono_part_pay_order] request_string: {"store_order_id":"pay_part_1912","client_phone":"+380638536263","total_sum":"3500.00","invoice":{"date":"2024-09-12","number":1912,"point_id":"restare.shop","source":"INTERNET"},"available_programs":[{"available_parts_count":["3"],"type":"payment_installments"}],"products":[{"name":"\u0427\u0430\u0441\u0442\u0438\u043d\u0430 \u0434\u0432\u043e\u0441\u0442\u0443\u043b\u043a\u043e\u0432\u0438\u0445 \u0434\u0432\u0435\u0440\u0435\u0439","count":1,"sum":"1000"},{"name":"\u0428\u0430\u0444\u0430 \u0434\u0435\u0440\u0435\u0432`\u044f\u043d\u0430","count":1,"sum":"2500"}],"result_callback":"https:\/\/restare.webolatory.com\/wc-api\/pay-part-result\/"}
[2024-09-13 06:55:46][includes/class.mono-api.php - create_mono_part_pay_order] Mono Part Pay API Response: Array
(
    [headers] => WpOrg\Requests\Utility\CaseInsensitiveDictionary Object
        (
            [data:protected] => Array
                (
                    [date] => Fri, 13 Sep 2024 06:55:46 GMT
                    [content-type] => application/json;charset=UTF-8
                    [server] => nginx
                    [request_trace_id] => 2024-09-13 09:55:46.858881628#HN4sIKM
                )

        )

    [body] => {"order_id":"a0eebc99-9c0b-4ef8-bb6d-000000000003"}
    [response] => Array
        (
            [code] => 201
            [message] => Created
        )

    [cookies] => Array
        (
        )

    [filename] => 
    [http_response] => WP_HTTP_Requests_Response Object
        (
            [data] => 
            [headers] => 
            [status] => 
            [response:protected] => WpOrg\Requests\Response Object
                (
                    [body] => {"order_id":"a0eebc99-9c0b-4ef8-bb6d-000000000003"}
                    [raw] => HTTP/1.1 201 
Date: Fri, 13 Sep 2024 06:55:46 GMT
Content-Type: application/json;charset=UTF-8
Transfer-Encoding: chunked
Connection: close
Server: nginx
request_trace_id: 2024-09-13 09:55:46.858881628#HN4sIKM

{"order_id":"a0eebc99-9c0b-4ef8-bb6d-000000000003"}
                    [headers] => WpOrg\Requests\Response\Headers Object
                        (
                            [data:protected] => Array
                                (
                                    [date] => Array
                                        (
                                            [0] => Fri, 13 Sep 2024 06:55:46 GMT
                                        )

                                    [content-type] => Array
                                        (
                                            [0] => application/json;charset=UTF-8
                                        )

                                    [server] => Array
                                        (
                                            [0] => nginx
                                        )

                                    [request_trace_id] => Array
                                        (
                                            [0] => 2024-09-13 09:55:46.858881628#HN4sIKM
                                        )

                                )

                        )

                    [status_code] => 201
                    [protocol_version] => 1.1
                    [success] => 1
                    [redirects] => 0
                    [url] => https://u2-demo-ext.mono.st4g3.com/api/order/create
                    [history] => Array
                        (
                        )

                    [cookies] => WpOrg\Requests\Cookie\Jar Object
                        (
                            [cookies:protected] => Array
                                (
                                )

                        )

                )

            [filename:protected] => 
        )

)

[2024-09-13 06:56:36][includes/class.mono-api.php - create_mono_part_pay_order] REQUEST DATA: Array
(
    [store_order_id] => pay_part_1912
    [client_phone] => +380638536263
    [total_sum] => 3500.00
    [invoice] => Array
        (
            [date] => 2024-09-12
            [number] => 1912
            [point_id] => restare.shop
            [source] => INTERNET
        )

    [available_programs] => Array
        (
            [0] => Array
                (
                    [available_parts_count] => Array
                        (
                            [0] => 3
                        )

                    [type] => payment_installments
                )

        )

    [products] => Array
        (
            [0] => Array
                (
                    [name] => Частина двостулкових дверей
                    [count] => 1
                    [sum] => 1000
                )

            [1] => Array
                (
                    [name] => Шафа дерев`яна
                    [count] => 1
                    [sum] => 2500
                )

        )

    [result_callback] => https://restare.webolatory.com/wc-api/pay-part-result/
)

[2024-09-13 06:56:36][includes/class.mono-api.php - create_mono_part_pay_order] store_id: test_store_with_confirm
[2024-09-13 06:56:36][includes/class.mono-api.php - create_mono_part_pay_order] request_string: {"store_order_id":"pay_part_1912","client_phone":"+380638536263","total_sum":"3500.00","invoice":{"date":"2024-09-12","number":1912,"point_id":"restare.shop","source":"INTERNET"},"available_programs":[{"available_parts_count":["3"],"type":"payment_installments"}],"products":[{"name":"\u0427\u0430\u0441\u0442\u0438\u043d\u0430 \u0434\u0432\u043e\u0441\u0442\u0443\u043b\u043a\u043e\u0432\u0438\u0445 \u0434\u0432\u0435\u0440\u0435\u0439","count":1,"sum":"1000"},{"name":"\u0428\u0430\u0444\u0430 \u0434\u0435\u0440\u0435\u0432`\u044f\u043d\u0430","count":1,"sum":"2500"}],"result_callback":"https:\/\/restare.webolatory.com\/wc-api\/pay-part-result\/"}
[2024-09-13 06:56:36][includes/class.mono-api.php - create_mono_part_pay_order] Mono Part Pay API Response: Array
(
    [headers] => WpOrg\Requests\Utility\CaseInsensitiveDictionary Object
        (
            [data:protected] => Array
                (
                    [date] => Fri, 13 Sep 2024 06:56:36 GMT
                    [content-type] => application/json;charset=UTF-8
                    [server] => nginx
                    [request_trace_id] => 2024-09-13 09:56:36.351760654#rCSTU0i
                )

        )

    [body] => {"order_id":"a0eebc99-9c0b-4ef8-bb6d-000000000003"}
    [response] => Array
        (
            [code] => 201
            [message] => Created
        )

    [cookies] => Array
        (
        )

    [filename] => 
    [http_response] => WP_HTTP_Requests_Response Object
        (
            [data] => 
            [headers] => 
            [status] => 
            [response:protected] => WpOrg\Requests\Response Object
                (
                    [body] => {"order_id":"a0eebc99-9c0b-4ef8-bb6d-000000000003"}
                    [raw] => HTTP/1.1 201 
Date: Fri, 13 Sep 2024 06:56:36 GMT
Content-Type: application/json;charset=UTF-8
Transfer-Encoding: chunked
Connection: close
Server: nginx
request_trace_id: 2024-09-13 09:56:36.351760654#rCSTU0i

{"order_id":"a0eebc99-9c0b-4ef8-bb6d-000000000003"}
                    [headers] => WpOrg\Requests\Response\Headers Object
                        (
                            [data:protected] => Array
                                (
                                    [date] => Array
                                        (
                                            [0] => Fri, 13 Sep 2024 06:56:36 GMT
                                        )

                                    [content-type] => Array
                                        (
                                            [0] => application/json;charset=UTF-8
                                        )

                                    [server] => Array
                                        (
                                            [0] => nginx
                                        )

                                    [request_trace_id] => Array
                                        (
                                            [0] => 2024-09-13 09:56:36.351760654#rCSTU0i
                                        )

                                )

                        )

                    [status_code] => 201
                    [protocol_version] => 1.1
                    [success] => 1
                    [redirects] => 0
                    [url] => https://u2-demo-ext.mono.st4g3.com/api/order/create
                    [history] => Array
                        (
                        )

                    [cookies] => WpOrg\Requests\Cookie\Jar Object
                        (
                            [cookies:protected] => Array
                                (
                                )

                        )

                )

            [filename:protected] => 
        )

)

[2024-09-13 07:01:53][includes/class.mono-api.php - create_mono_part_pay_order] REQUEST DATA: Array
(
    [store_order_id] => pay_part_1912
    [client_phone] => +380638536263
    [total_sum] => 3500.00
    [invoice] => Array
        (
            [date] => 2024-09-12
            [number] => 1912
            [point_id] => restare.shop
            [source] => INTERNET
        )

    [available_programs] => Array
        (
            [0] => Array
                (
                    [available_parts_count] => Array
                        (
                            [0] => 3
                        )

                    [type] => payment_installments
                )

        )

    [products] => Array
        (
            [0] => Array
                (
                    [name] => Частина двостулкових дверей
                    [count] => 1
                    [sum] => 1000
                )

            [1] => Array
                (
                    [name] => Шафа дерев`яна
                    [count] => 1
                    [sum] => 2500
                )

        )

    [result_callback] => https://restare.webolatory.com/wc-api/pay-part-result/
)

[2024-09-13 07:01:53][includes/class.mono-api.php - create_mono_part_pay_order] store_id: test_store_with_confirm
[2024-09-13 07:01:53][includes/class.mono-api.php - create_mono_part_pay_order] request_string: {"store_order_id":"pay_part_1912","client_phone":"+380638536263","total_sum":"3500.00","invoice":{"date":"2024-09-12","number":1912,"point_id":"restare.shop","source":"INTERNET"},"available_programs":[{"available_parts_count":["3"],"type":"payment_installments"}],"products":[{"name":"\u0427\u0430\u0441\u0442\u0438\u043d\u0430 \u0434\u0432\u043e\u0441\u0442\u0443\u043b\u043a\u043e\u0432\u0438\u0445 \u0434\u0432\u0435\u0440\u0435\u0439","count":1,"sum":"1000"},{"name":"\u0428\u0430\u0444\u0430 \u0434\u0435\u0440\u0435\u0432`\u044f\u043d\u0430","count":1,"sum":"2500"}],"result_callback":"https:\/\/restare.webolatory.com\/wc-api\/pay-part-result\/"}
[2024-09-13 07:01:53][includes/class.mono-api.php - create_mono_part_pay_order] Mono Part Pay API Response: Array
(
    [headers] => WpOrg\Requests\Utility\CaseInsensitiveDictionary Object
        (
            [data:protected] => Array
                (
                    [date] => Fri, 13 Sep 2024 07:01:53 GMT
                    [content-type] => application/json;charset=UTF-8
                    [server] => nginx
                    [request_trace_id] => 2024-09-13 10:01:53.810915184#8MKfSrl
                )

        )

    [body] => {"order_id":"a0eebc99-9c0b-4ef8-bb6d-000000000003"}
    [response] => Array
        (
            [code] => 201
            [message] => Created
        )

    [cookies] => Array
        (
        )

    [filename] => 
    [http_response] => WP_HTTP_Requests_Response Object
        (
            [data] => 
            [headers] => 
            [status] => 
            [response:protected] => WpOrg\Requests\Response Object
                (
                    [body] => {"order_id":"a0eebc99-9c0b-4ef8-bb6d-000000000003"}
                    [raw] => HTTP/1.1 201 
Date: Fri, 13 Sep 2024 07:01:53 GMT
Content-Type: application/json;charset=UTF-8
Transfer-Encoding: chunked
Connection: close
Server: nginx
request_trace_id: 2024-09-13 10:01:53.810915184#8MKfSrl

{"order_id":"a0eebc99-9c0b-4ef8-bb6d-000000000003"}
                    [headers] => WpOrg\Requests\Response\Headers Object
                        (
                            [data:protected] => Array
                                (
                                    [date] => Array
                                        (
                                            [0] => Fri, 13 Sep 2024 07:01:53 GMT
                                        )

                                    [content-type] => Array
                                        (
                                            [0] => application/json;charset=UTF-8
                                        )

                                    [server] => Array
                                        (
                                            [0] => nginx
                                        )

                                    [request_trace_id] => Array
                                        (
                                            [0] => 2024-09-13 10:01:53.810915184#8MKfSrl
                                        )

                                )

                        )

                    [status_code] => 201
                    [protocol_version] => 1.1
                    [success] => 1
                    [redirects] => 0
                    [url] => https://u2-demo-ext.mono.st4g3.com/api/order/create
                    [history] => Array
                        (
                        )

                    [cookies] => WpOrg\Requests\Cookie\Jar Object
                        (
                            [cookies:protected] => Array
                                (
                                )

                        )

                )

            [filename:protected] => 
        )

)

